0 info it worked if it ends with ok
1 verbose cli [ '/usr/bin/node',
1 verbose cli   '/usr/bin/npm',
1 verbose cli   'i',
1 verbose cli   '-g',
1 verbose cli   'node-webkit-builder' ]
2 info using npm@1.4.28
3 info using node@v0.10.33
4 verbose node symlink /usr/bin/node
5 verbose cache add [ 'node-webkit-builder', null ]
6 verbose cache add name=undefined spec="node-webkit-builder" args=["node-webkit-builder",null]
7 verbose parsed url { protocol: null,
7 verbose parsed url   slashes: null,
7 verbose parsed url   auth: null,
7 verbose parsed url   host: null,
7 verbose parsed url   port: null,
7 verbose parsed url   hostname: null,
7 verbose parsed url   hash: null,
7 verbose parsed url   search: null,
7 verbose parsed url   query: null,
7 verbose parsed url   pathname: 'node-webkit-builder',
7 verbose parsed url   path: 'node-webkit-builder',
7 verbose parsed url   href: 'node-webkit-builder' }
8 silly lockFile 5cd26ca9-node-webkit-builder node-webkit-builder
9 verbose lock node-webkit-builder /home/l0010o0001l/.npm/5cd26ca9-node-webkit-builder.lock
10 silly lockFile 5cd26ca9-node-webkit-builder node-webkit-builder
11 silly lockFile 5cd26ca9-node-webkit-builder node-webkit-builder
12 verbose addNamed [ 'node-webkit-builder', '' ]
13 verbose addNamed [ null, '*' ]
14 silly lockFile 9adbe476-node-webkit-builder node-webkit-builder@
15 verbose lock node-webkit-builder@ /home/l0010o0001l/.npm/9adbe476-node-webkit-builder.lock
16 silly addNameRange { name: 'node-webkit-builder', range: '*', hasData: false }
17 verbose request where is /node-webkit-builder
18 verbose request registry https://registry.npmjs.org/
19 verbose request id ad7a93c0dad7d568
20 verbose url raw /node-webkit-builder
21 verbose url resolving [ 'https://registry.npmjs.org/', './node-webkit-builder' ]
22 verbose url resolved https://registry.npmjs.org/node-webkit-builder
23 verbose request where is https://registry.npmjs.org/node-webkit-builder
24 info trying registry request attempt 1 at 20:51:48
25 http GET https://registry.npmjs.org/node-webkit-builder
26 http 200 https://registry.npmjs.org/node-webkit-builder
27 silly registry.get cb [ 200,
27 silly registry.get   { server: 'CouchDB/1.5.0 (Erlang OTP/R16B03)',
27 silly registry.get     etag: '"70XJKD4TQ9M3FKS86RLMWG4ZO"',
27 silly registry.get     'content-type': 'application/json',
27 silly registry.get     'cache-control': 'max-age=60',
27 silly registry.get     'content-length': '62793',
27 silly registry.get     'accept-ranges': 'bytes',
27 silly registry.get     date: 'Tue, 15 Sep 2015 03:51:51 GMT',
27 silly registry.get     via: '1.1 varnish',
27 silly registry.get     age: '0',
27 silly registry.get     connection: 'keep-alive',
27 silly registry.get     'x-served-by': 'cache-syd1621-SYD',
27 silly registry.get     'x-cache': 'MISS',
27 silly registry.get     'x-cache-hits': '0',
27 silly registry.get     'x-timer': 'S1442289110.511193,VS0,VE1371',
27 silly registry.get     vary: 'Accept' } ]
28 silly addNameRange number 2 { name: 'node-webkit-builder', range: '*', hasData: true }
29 silly addNameRange versions [ 'node-webkit-builder',
29 silly addNameRange   [ '0.0.1',
29 silly addNameRange     '0.0.2',
29 silly addNameRange     '0.0.3',
29 silly addNameRange     '0.0.4',
29 silly addNameRange     '0.1.0',
29 silly addNameRange     '0.1.1',
29 silly addNameRange     '0.1.2',
29 silly addNameRange     '0.1.3',
29 silly addNameRange     '0.1.4',
29 silly addNameRange     '0.2.0',
29 silly addNameRange     '0.3.0',
29 silly addNameRange     '0.3.1',
29 silly addNameRange     '0.3.2',
29 silly addNameRange     '0.4.0',
29 silly addNameRange     '0.4.1',
29 silly addNameRange     '1.0.0',
29 silly addNameRange     '1.0.1',
29 silly addNameRange     '1.0.2',
29 silly addNameRange     '1.0.3',
29 silly addNameRange     '1.0.4',
29 silly addNameRange     '1.0.5',
29 silly addNameRange     '1.0.6',
29 silly addNameRange     '1.0.7',
29 silly addNameRange     '1.0.8',
29 silly addNameRange     '1.0.9',
29 silly addNameRange     '1.0.10',
29 silly addNameRange     '1.1.0',
29 silly addNameRange     '1.0.11',
29 silly addNameRange     '1.0.12',
29 silly addNameRange     '1.0.13' ] ]
30 verbose addNamed [ 'node-webkit-builder', '1.0.13' ]
31 verbose addNamed [ '1.0.13', '1.0.13' ]
32 silly lockFile 83a18225-node-webkit-builder-1-0-13 node-webkit-builder@1.0.13
33 verbose lock node-webkit-builder@1.0.13 /home/l0010o0001l/.npm/83a18225-node-webkit-builder-1-0-13.lock
34 warn deprecated node-webkit-builder@1.0.13: WARNING: This module has been renamed to nw-builder. Install using nw-builder instead, node-webkit-builder will no longer be updated.
35 silly lockFile 1b83d6e4-r-node-webkit-builder-1-0-13-tgz https://registry.npmjs.org/node-webkit-builder/-/node-webkit-builder-1.0.13.tgz
36 verbose lock https://registry.npmjs.org/node-webkit-builder/-/node-webkit-builder-1.0.13.tgz /home/l0010o0001l/.npm/1b83d6e4-r-node-webkit-builder-1-0-13-tgz.lock
37 verbose addRemoteTarball [ 'https://registry.npmjs.org/node-webkit-builder/-/node-webkit-builder-1.0.13.tgz',
37 verbose addRemoteTarball   '050a6614263960cb8fd1fa7824911525f2c66b0b' ]
38 info retry fetch attempt 1 at 20:51:52
39 verbose fetch to= /tmp/npm-24043-fIuSmBt7/registry.npmjs.org/node-webkit-builder/-/node-webkit-builder-1.0.13.tgz
40 http GET https://registry.npmjs.org/node-webkit-builder/-/node-webkit-builder-1.0.13.tgz
41 http 200 https://registry.npmjs.org/node-webkit-builder/-/node-webkit-builder-1.0.13.tgz
42 silly lockFile 1b83d6e4-r-node-webkit-builder-1-0-13-tgz https://registry.npmjs.org/node-webkit-builder/-/node-webkit-builder-1.0.13.tgz
43 silly lockFile 1b83d6e4-r-node-webkit-builder-1-0-13-tgz https://registry.npmjs.org/node-webkit-builder/-/node-webkit-builder-1.0.13.tgz
44 silly lockFile 83a18225-node-webkit-builder-1-0-13 node-webkit-builder@1.0.13
45 silly lockFile 83a18225-node-webkit-builder-1-0-13 node-webkit-builder@1.0.13
46 silly lockFile 9adbe476-node-webkit-builder node-webkit-builder@
47 silly lockFile 9adbe476-node-webkit-builder node-webkit-builder@
48 silly resolved [ { name: 'node-webkit-builder',
48 silly resolved     version: '1.0.13',
48 silly resolved     description: 'node-webkit-builder',
48 silly resolved     main: 'index.js',
48 silly resolved     scripts: { test: 'colortape test/*.js' },
48 silly resolved     repository:
48 silly resolved      { type: 'git',
48 silly resolved        url: 'git://github.com/mllrsohn/node-webkit-builder.git' },
48 silly resolved     bin: { nwbuild: './bin/nwbuild' },
48 silly resolved     author: { name: 'Steffen Müller' },
48 silly resolved     license: 'MIT',
48 silly resolved     bugs: { url: 'https://github.com/mllrsohn/node-webkit-builder/issues' },
48 silly resolved     homepage: 'https://github.com/mllrsohn/node-webkit-builder',
48 silly resolved     devDependencies:
48 silly resolved      { nock: '^0.32.3',
48 silly resolved        tape: '~3.0.1',
48 silly resolved        redtape: '~1.0.0',
48 silly resolved        colortape: '~0.1.0' },
48 silly resolved     dependencies:
48 silly resolved      { archiver: '^0.13.0',
48 silly resolved        bluebird: '~1.2.2',
48 silly resolved        'decompress-zip': '0.0.8',
48 silly resolved        inherits: '~2.0.1',
48 silly resolved        lodash: '~2.4.1',
48 silly resolved        optimist: '^0.6.1',
48 silly resolved        rcedit: '0.2.0',
48 silly resolved        plist: '^1.0.0',
48 silly resolved        progress: '~1.1.7',
48 silly resolved        request: '~2.40.0',
48 silly resolved        rimraf: '^2.2.8',
48 silly resolved        semver: '^2.3.1',
48 silly resolved        'simple-glob': '~0.1.0',
48 silly resolved        'tar-fs': '^0.3.2',
48 silly resolved        temp: '~0.7.0',
48 silly resolved        'update-notifier': '^0.1.8',
48 silly resolved        winresourcer: '^0.9.0',
48 silly resolved        'platform-overrides': '~1.0.1',
48 silly resolved        'graceful-ncp': '^2.0.0',
48 silly resolved        'graceful-fs-extra': '^1.0.4' },
48 silly resolved     gitHead: '896d8cbe7512e80f12114df152c765cc071bd279',
48 silly resolved     _id: 'node-webkit-builder@1.0.13',
48 silly resolved     _shasum: '050a6614263960cb8fd1fa7824911525f2c66b0b',
48 silly resolved     _from: 'node-webkit-builder@',
48 silly resolved     _npmVersion: '2.9.0',
48 silly resolved     _nodeVersion: '0.10.24',
48 silly resolved     _npmUser: { name: 'adam-lynch', email: 'contact@adamlynch.ie' },
48 silly resolved     dist:
48 silly resolved      { shasum: '050a6614263960cb8fd1fa7824911525f2c66b0b',
48 silly resolved        tarball: 'http://registry.npmjs.org/node-webkit-builder/-/node-webkit-builder-1.0.13.tgz' },
48 silly resolved     maintainers: [ [Object], [Object], [Object], [Object], [Object] ],
48 silly resolved     deprecated: 'WARNING: This module has been renamed to nw-builder. Install using nw-builder instead, node-webkit-builder will no longer be updated.',
48 silly resolved     directories: {},
48 silly resolved     _resolved: 'https://registry.npmjs.org/node-webkit-builder/-/node-webkit-builder-1.0.13.tgz' } ]
49 info install node-webkit-builder@1.0.13 into /usr/lib
50 info installOne node-webkit-builder@1.0.13
51 verbose lib/node_modules/node-webkit-builder unbuild
52 verbose tar unpack /home/l0010o0001l/.npm/node-webkit-builder/1.0.13/package.tgz
53 silly lockFile e2b2c055-node-modules-node-webkit-builder tar:///usr/lib/node_modules/node-webkit-builder
54 verbose lock tar:///usr/lib/node_modules/node-webkit-builder /home/l0010o0001l/.npm/e2b2c055-node-modules-node-webkit-builder.lock
55 silly lockFile 8a037d84-ebkit-builder-1-0-13-package-tgz tar:///home/l0010o0001l/.npm/node-webkit-builder/1.0.13/package.tgz
56 verbose lock tar:///home/l0010o0001l/.npm/node-webkit-builder/1.0.13/package.tgz /home/l0010o0001l/.npm/8a037d84-ebkit-builder-1-0-13-package-tgz.lock
57 silly gunzTarPerm modes [ '775', '664' ]
58 error Error: EACCES, mkdir '/usr/lib/node_modules/node-webkit-builder'
58 error  { [Error: EACCES, mkdir '/usr/lib/node_modules/node-webkit-builder']
58 error   errno: 3,
58 error   code: 'EACCES',
58 error   path: '/usr/lib/node_modules/node-webkit-builder',
58 error   fstream_type: 'Directory',
58 error   fstream_path: '/usr/lib/node_modules/node-webkit-builder',
58 error   fstream_class: 'DirWriter',
58 error   fstream_stack:
58 error    [ '/usr/lib/node_modules/npm/node_modules/fstream/lib/dir-writer.js:36:23',
58 error      '/usr/lib/node_modules/npm/node_modules/mkdirp/index.js:46:53',
58 error      'Object.oncomplete (fs.js:107:15)' ] }
59 error Please try running this command again as root/Administrator.
60 error System Linux 3.13.0-46-generic
61 error command "/usr/bin/node" "/usr/bin/npm" "i" "-g" "node-webkit-builder"
62 error cwd /home/l0010o0001l/Projects/slashdot_rss
63 error node -v v0.10.33
64 error npm -v 1.4.28
65 error path /usr/lib/node_modules/node-webkit-builder
66 error fstream_path /usr/lib/node_modules/node-webkit-builder
67 error fstream_type Directory
68 error fstream_class DirWriter
69 error code EACCES
70 error errno 3
71 error stack Error: EACCES, mkdir '/usr/lib/node_modules/node-webkit-builder'
72 error fstream_stack /usr/lib/node_modules/npm/node_modules/fstream/lib/dir-writer.js:36:23
72 error fstream_stack /usr/lib/node_modules/npm/node_modules/mkdirp/index.js:46:53
72 error fstream_stack Object.oncomplete (fs.js:107:15)
73 verbose exit [ 3, true ]
